<?xml version="1.0" encoding="UTF-8"?>
<testng-results skipped="0" failed="0" ignored="0" total="1" passed="1">
  <reporter-output>
  </reporter-output>
  <suite name="TestSuite" duration-ms="36926" started-at="2017-09-08T05:00:30Z" finished-at="2017-09-08T05:01:07Z">
    <groups>
    </groups>
    <test name="Test" duration-ms="36926" started-at="2017-09-08T05:00:30Z" finished-at="2017-09-08T05:01:07Z">
      <class name="com.hp.TestProject.SearchProduct">
        <test-method status="PASS" signature="launchBrowser()[pri:0, instance:com.hp.TestProject.SearchProduct@1d251891]" name="launchBrowser" duration-ms="36905" started-at="2017-09-08T10:30:30Z" finished-at="2017-09-08T10:31:07Z">
          <reporter-output>
          </reporter-output>
        </test-method> <!-- launchBrowser -->
      </class> <!-- com.hp.TestProject.SearchProduct -->
    </test> <!-- Test -->
  </suite> <!-- TestSuite -->
</testng-results>
