<?xml version="1.0" encoding="UTF-8"?>
<testng-results skipped="0" failed="0" ignored="0" total="1" passed="1">
  <reporter-output>
  </reporter-output>
  <suite name="TestSuite" duration-ms="43509" started-at="2017-09-08T04:58:53Z" finished-at="2017-09-08T04:59:37Z">
    <groups>
    </groups>
    <test name="Test" duration-ms="43509" started-at="2017-09-08T04:58:53Z" finished-at="2017-09-08T04:59:37Z">
      <class name="com.hp.TestProject.SearchProduct">
        <test-method status="PASS" signature="launchBrowser()[pri:0, instance:com.hp.TestProject.SearchProduct@3532ec19]" name="launchBrowser" duration-ms="43485" started-at="2017-09-08T10:28:53Z" finished-at="2017-09-08T10:29:37Z">
          <reporter-output>
          </reporter-output>
        </test-method> <!-- launchBrowser -->
      </class> <!-- com.hp.TestProject.SearchProduct -->
    </test> <!-- Test -->
  </suite> <!-- TestSuite -->
</testng-results>
